2025-06-02T16:49:39: 
🌳 Pyebwa Family Tree App Server
================================
Server running on port 9111
Local: http://localhost:9111
External: http://rasin.pyebwa.com:9111

App URL: http://rasin.pyebwa.com:9111/app
Health: http://rasin.pyebwa.com:9111/health
    
2025-06-02T17:15:32: 
🌳 Pyebwa Family Tree App Server
================================
Server running on 0.0.0.0:9111
Local: http://0.0.0.0:9111
External: https://rasin.pyebwa.com

App URL: https://rasin.pyebwa.com/app
Health: https://rasin.pyebwa.com/health
    
2025-06-02T19:40:58: 
🌳 Pyebwa Family Tree App Server
================================
Server running on 0.0.0.0:9111
Local: http://0.0.0.0:9111
External: https://rasin.pyebwa.com

App URL: https://rasin.pyebwa.com/app
Health: https://rasin.pyebwa.com/health
    
2025-06-03T05:28:28: 
🌳 Pyebwa Family Tree App Server
================================
Server running on 0.0.0.0:9111
Local: http://0.0.0.0:9111
External: https://rasin.pyebwa.com

App URL: https://rasin.pyebwa.com/app
Health: https://rasin.pyebwa.com/health
    
2025-06-03T05:41:58: 
🌳 Pyebwa Family Tree App Server
================================
Server running on 0.0.0.0:9111
Local: http://0.0.0.0:9111
External: https://rasin.pyebwa.com

App URL: https://rasin.pyebwa.com/app
Health: https://rasin.pyebwa.com/health
    
2025-06-03T05:46:56: 
🌳 Pyebwa Family Tree App Server
================================
Server running on 0.0.0.0:9111
Local: http://0.0.0.0:9111
External: https://rasin.pyebwa.com

App URL: https://rasin.pyebwa.com/app
Health: https://rasin.pyebwa.com/health
    
2025-06-03T05:54:28: 
🌳 Pyebwa Family Tree App Server
================================
Server running on 0.0.0.0:9111
Local: http://0.0.0.0:9111
External: https://rasin.pyebwa.com

App URL: https://rasin.pyebwa.com/app
Health: https://rasin.pyebwa.com/health
    
2025-06-03T05:58:43: 
🌳 Pyebwa Family Tree App Server
================================
Server running on 0.0.0.0:9111
Local: http://0.0.0.0:9111
External: https://rasin.pyebwa.com

App URL: https://rasin.pyebwa.com/app
Health: https://rasin.pyebwa.com/health
    
2025-06-06T11:53:06: 
🌳 Pyebwa Family Tree App Server
================================
Server running on 0.0.0.0:9111
Local: http://0.0.0.0:9111
External: https://rasin.pyebwa.com

App URL: https://rasin.pyebwa.com/app
Health: https://rasin.pyebwa.com/health
    
2025-06-09T11:19:57: 
🌳 Pyebwa Family Tree App Server
================================
Server running on 0.0.0.0:9111
Local: http://0.0.0.0:9111
External: https://rasin.pyebwa.com

App URL: https://rasin.pyebwa.com/app
Health: https://rasin.pyebwa.com/health
    
2025-06-09T11:21:15: 
🌳 Pyebwa Family Tree App Server
================================
Server running on 0.0.0.0:9111
Local: http://0.0.0.0:9111
External: https://rasin.pyebwa.com

App URL: https://rasin.pyebwa.com/app
Health: https://rasin.pyebwa.com/health
    
2025-06-09T11:26:19: 
🌳 Pyebwa Family Tree App Server
================================
Server running on 0.0.0.0:9111
Local: http://0.0.0.0:9111
External: https://rasin.pyebwa.com

App URL: https://rasin.pyebwa.com/app
Health: https://rasin.pyebwa.com/health
    
