2025-06-28T12:39:12: Firebase Admin SDK initialized with project ID
2025-06-28T12:39:12: API key does not start with "SG.".
2025-06-28T12:39:12: 
2025-06-28T12:39:12: 🌳 Pyebwa Family Tree App Server
2025-06-28T12:39:12: ================================
2025-06-28T12:39:12: Server running on 0.0.0.0:9111
2025-06-28T12:39:12: Local: http://0.0.0.0:9111
2025-06-28T12:39:12: External: https://rasin.pyebwa.com
2025-06-28T12:39:12: 
2025-06-28T12:39:12: App URL: https://rasin.pyebwa.com/app
2025-06-28T12:39:12: Health: https://rasin.pyebwa.com/health
2025-06-28T12:39:12:     
2025-06-28T12:39:12: Loaded email template: announcement
2025-06-28T13:37:19: Firebase Admin SDK initialized with project ID
2025-06-28T13:37:20: API key does not start with "SG.".
2025-06-28T13:37:20: 
2025-06-28T13:37:20: 🌳 Pyebwa Family Tree App Server
2025-06-28T13:37:20: ================================
2025-06-28T13:37:20: Server running on 0.0.0.0:9111
2025-06-28T13:37:20: Local: http://0.0.0.0:9111
2025-06-28T13:37:20: External: https://rasin.pyebwa.com
2025-06-28T13:37:20: 
2025-06-28T13:37:20: App URL: https://rasin.pyebwa.com/app
2025-06-28T13:37:20: Health: https://rasin.pyebwa.com/health
2025-06-28T13:37:20:     
2025-06-28T13:37:20: Loaded email template: announcement
